current directory: /home/mc/dev/ELSocial/thout-opt-dir/gems/nokogiri-1.10.5/ext/nokogiri
/usr/share/rvm/rubies/ruby-2.6.3/bin/ruby -I /usr/share/rvm/rubies/ruby-2.6.3/lib/ruby/2.6.0 -r ./siteconf20191106-29457-1c0662z.rb extconf.rb
checking if the C compiler accepts ... *** extconf.rb failed ***
Could not create Makefile due to some reason, probably lack of necessary
libraries and/or headers.  Check the mkmf.log file for more details.  You may
need configuration options.

Provided configuration options:
	--with-opt-dir
	--without-opt-dir
	--with-opt-include
	--without-opt-include=${opt-dir}/include
	--with-opt-lib
	--without-opt-lib=${opt-dir}/lib
	--with-make-prog
	--without-make-prog
	--srcdir=.
	--curdir
	--ruby=/usr/share/rvm/rubies/ruby-2.6.3/bin/$(RUBY_BASE_NAME)
	--help
	--clean
/usr/share/rvm/rubies/ruby-2.6.3/lib/ruby/2.6.0/mkmf.rb:467:in `try_do': The compiler failed to generate an executable file. (RuntimeError)
You have to install development tools first.
	from /usr/share/rvm/rubies/ruby-2.6.3/lib/ruby/2.6.0/mkmf.rb:585:in `block in try_compile'
	from /usr/share/rvm/rubies/ruby-2.6.3/lib/ruby/2.6.0/mkmf.rb:532:in `with_werror'
	from /usr/share/rvm/rubies/ruby-2.6.3/lib/ruby/2.6.0/mkmf.rb:585:in `try_compile'
	from extconf.rb:138:in `nokogiri_try_compile'
	from extconf.rb:162:in `block in add_cflags'
	from /usr/share/rvm/rubies/ruby-2.6.3/lib/ruby/2.6.0/mkmf.rb:643:in `with_cflags'
	from extconf.rb:161:in `add_cflags'
	from extconf.rb:416:in `<main>'

To see why this extension failed to compile, please check the mkmf.log which can be found here:

  /home/mc/dev/ELSocial/thout-opt-dir/extensions/x86_64-linux/2.6.0/nokogiri-1.10.5/mkmf.log

extconf failed, exit code 1
